  [1m[35m (3.3ms)[0m  [1m[35mCREATE TABLE "schema_migrations" ("version" varchar NOT NULL PRIMARY KEY) /*application='MiApi'*/[0m
  [1m[35m (1.3ms)[0m  [1m[35mCREATE TABLE "ar_internal_metadata" ("key" varchar NOT NULL PRIMARY KEY, "value" varchar, "created_at" datetime(6) NOT NULL, "updated_at" datetime(6) NOT NULL) /*application='MiApi'*/[0m
  [1m[36mActiveRecord::InternalMetadata Load (1.1ms)[0m  [1m[34mSELECT * FROM "ar_internal_metadata" WHERE "ar_internal_metadata"."key" = 'environment' ORDER BY "ar_internal_metadata"."key" ASC LIMIT 1 /*application='MiApi'*/[0m
  [1m[36mActiveRecord::InternalMetadata Create (1.1ms)[0m  [1m[32mINSERT INTO "ar_internal_metadata" ("key", "value", "created_at", "updated_at") VALUES ('environment', 'development', '2025-02-19 20:45:25.403109', '2025-02-19 20:45:25.403112') RETURNING "key" /*application='MiApi'*/[0m
  [1m[36mActiveRecord::SchemaMigration Load (0.8ms)[0m  [1m[34mSELECT "schema_migrations"."version" FROM "schema_migrations" ORDER BY "schema_migrations"."version" ASC /*application='MiApi'*/[0m
Migrating to CreateRelojs (20250219203715)
  [1m[36mTRANSACTION (0.5ms)[0m  [1m[35mBEGIN immediate TRANSACTION /*application='MiApi'*/[0m
  [1m[35m (2.8ms)[0m  [1m[35mCREATE TABLE "relojs" ("id" integer PRIMARY KEY AUTOINCREMENT NOT NULL, "serie" integer, "piedras" varchar, "marca" varchar, "created_at" datetime(6) NOT NULL, "updated_at" datetime(6) NOT NULL) /*application='MiApi'*/[0m
  [1m[36mActiveRecord::SchemaMigration Create (0.2ms)[0m  [1m[32mINSERT INTO "schema_migrations" ("version") VALUES ('20250219203715') RETURNING "version" /*application='MiApi'*/[0m
  [1m[36mTRANSACTION (2.3ms)[0m  [1m[35mCOMMIT TRANSACTION /*application='MiApi'*/[0m
  [1m[36mActiveRecord::SchemaMigration Load (0.4ms)[0m  [1m[34mSELECT "schema_migrations"."version" FROM "schema_migrations" ORDER BY "schema_migrations"."version" ASC /*application='MiApi'*/[0m
  [1m[36mTRANSACTION (0.9ms)[0m  [1m[35mBEGIN immediate TRANSACTION /*application='MiApi'*/[0m
  [1m[36mReloj Create (2.8ms)[0m  [1m[32mINSERT INTO "relojs" ("serie", "piedras", "marca", "created_at", "updated_at") VALUES (2020, 'oro y diamante', 'Ip', '2025-02-19 20:49:23.026422', '2025-02-19 20:49:23.026422') RETURNING "id" /*application='MiApi'*/[0m
  [1m[36mTRANSACTION (4.1ms)[0m  [1m[35mCOMMIT TRANSACTION /*application='MiApi'*/[0m
  [1m[36mTRANSACTION (0.5ms)[0m  [1m[35mBEGIN immediate TRANSACTION /*application='MiApi'*/[0m
  [1m[36mReloj Create (19.1ms)[0m  [1m[32mINSERT INTO "relojs" ("serie", "piedras", "marca", "created_at", "updated_at") VALUES (2023, 'oro blanco y diamantes negros', 'rolex', '2025-02-19 20:55:17.590572', '2025-02-19 20:55:17.590572') RETURNING "id" /*application='MiApi'*/[0m
  [1m[36mTRANSACTION (3.3ms)[0m  [1m[35mCOMMIT TRANSACTION /*application='MiApi'*/[0m
  [1m[36mReloj Load (0.7ms)[0m  [1m[34mSELECT "relojs".* FROM "relojs" /* loading for pp */ LIMIT 11 /*application='MiApi'*/[0m
  [1m[36mReloj Load (0.4ms)[0m  [1m[34mSELECT "relojs".* FROM "relojs" WHERE "relojs"."id" = 2 LIMIT 1 /*application='MiApi'*/[0m
  [1m[36mActiveRecord::InternalMetadata Load (7.7ms)[0m  [1m[34mSELECT * FROM "ar_internal_metadata" WHERE "ar_internal_metadata"."key" = 'environment' ORDER BY "ar_internal_metadata"."key" ASC LIMIT 1 /*application='MiApi'*/[0m
  [1m[36mActiveRecord::SchemaMigration Load (2.4ms)[0m  [1m[34mSELECT "schema_migrations"."version" FROM "schema_migrations" ORDER BY "schema_migrations"."version" ASC /*application='MiApi'*/[0m
Migrating to CreateCarros (20250224194741)
  [1m[36mTRANSACTION (1.9ms)[0m  [1m[35mBEGIN immediate TRANSACTION /*application='MiApi'*/[0m
  [1m[35m (4.7ms)[0m  [1m[35mCREATE TABLE "carros" ("id" integer PRIMARY KEY AUTOINCREMENT NOT NULL, "year" integer, "color" varchar, "marca" varchar, "created_at" datetime(6) NOT NULL, "updated_at" datetime(6) NOT NULL) /*application='MiApi'*/[0m
  [1m[36mActiveRecord::SchemaMigration Create (0.3ms)[0m  [1m[32mINSERT INTO "schema_migrations" ("version") VALUES ('20250224194741') RETURNING "version" /*application='MiApi'*/[0m
  [1m[36mTRANSACTION (9.1ms)[0m  [1m[35mCOMMIT TRANSACTION /*application='MiApi'*/[0m
  [1m[36mActiveRecord::SchemaMigration Load (1.3ms)[0m  [1m[34mSELECT "schema_migrations"."version" FROM "schema_migrations" ORDER BY "schema_migrations"."version" ASC /*application='MiApi'*/[0m
  [1m[36mTRANSACTION (0.8ms)[0m  [1m[35mBEGIN immediate TRANSACTION /*application='MiApi'*/[0m
  [1m[36mCarro Create (11.6ms)[0m  [1m[32mINSERT INTO "carros" ("year", "color", "marca", "created_at", "updated_at") VALUES (2022, 'rojo', 'ferrari', '2025-02-24 19:51:57.058035', '2025-02-24 19:51:57.058035') RETURNING "id" /*application='MiApi'*/[0m
  [1m[36mTRANSACTION (5.4ms)[0m  [1m[35mCOMMIT TRANSACTION /*application='MiApi'*/[0m
  [1m[36mCarro Load (2.7ms)[0m  [1m[34mSELECT "carros".* FROM "carros" /* loading for pp */ LIMIT 11 /*application='MiApi'*/[0m
  [1m[36mActiveRecord::SchemaMigration Load (1.7ms)[0m  [1m[34mSELECT "schema_migrations"."version" FROM "schema_migrations" ORDER BY "schema_migrations"."version" ASC /*application='MiApi'*/[0m
  [1m[36mActiveRecord::SchemaMigration Load (1.6ms)[0m  [1m[34mSELECT "schema_migrations"."version" FROM "schema_migrations" ORDER BY "schema_migrations"."version" ASC /*application='MiApi'*/[0m
  [1m[36mActiveRecord::SchemaMigration Load (0.6ms)[0m  [1m[34mSELECT "schema_migrations"."version" FROM "schema_migrations" ORDER BY "schema_migrations"."version" ASC /*application='MiApi'*/[0m
  [1m[36mActiveRecord::SchemaMigration Load (0.5ms)[0m  [1m[34mSELECT "schema_migrations"."version" FROM "schema_migrations" ORDER BY "schema_migrations"."version" ASC /*application='MiApi'*/[0m
Migrating to CreateCarros (20250224194741)
  [1m[36mTRANSACTION (1.3ms)[0m  [1m[35mBEGIN immediate TRANSACTION /*application='MiApi'*/[0m
  [1m[35m (5.1ms)[0m  [1m[35mDROP TABLE "carros" /*application='MiApi'*/[0m
  [1m[36mActiveRecord::SchemaMigration Destroy (0.1ms)[0m  [1m[31mDELETE FROM "schema_migrations" WHERE "schema_migrations"."version" = '20250224194741' /*application='MiApi'*/[0m
  [1m[36mTRANSACTION (7.8ms)[0m  [1m[35mCOMMIT TRANSACTION /*application='MiApi'*/[0m
  [1m[36mActiveRecord::SchemaMigration Load (0.7ms)[0m  [1m[34mSELECT "schema_migrations"."version" FROM "schema_migrations" ORDER BY "schema_migrations"."version" ASC /*application='MiApi'*/[0m
  [1m[36mActiveRecord::InternalMetadata Load (4.6ms)[0m  [1m[34mSELECT * FROM "ar_internal_metadata" WHERE "ar_internal_metadata"."key" = 'environment' ORDER BY "ar_internal_metadata"."key" ASC LIMIT 1 /*application='MiApi'*/[0m
  [1m[36mActiveRecord::SchemaMigration Load (2.2ms)[0m  [1m[34mSELECT "schema_migrations"."version" FROM "schema_migrations" ORDER BY "schema_migrations"."version" ASC /*application='MiApi'*/[0m
Migrating to CreateCarros (20250224194741)
  [1m[36mTRANSACTION (1.8ms)[0m  [1m[35mBEGIN immediate TRANSACTION /*application='MiApi'*/[0m
  [1m[35m (5.5ms)[0m  [1m[35mCREATE TABLE "carros" ("id" integer PRIMARY KEY AUTOINCREMENT NOT NULL, "color" varchar, "marca" varchar, "created_at" datetime(6) NOT NULL, "updated_at" datetime(6) NOT NULL) /*application='MiApi'*/[0m
  [1m[36mActiveRecord::SchemaMigration Create (0.5ms)[0m  [1m[32mINSERT INTO "schema_migrations" ("version") VALUES ('20250224194741') RETURNING "version" /*application='MiApi'*/[0m
  [1m[36mTRANSACTION (17.4ms)[0m  [1m[35mCOMMIT TRANSACTION /*application='MiApi'*/[0m
  [1m[36mActiveRecord::SchemaMigration Load (1.3ms)[0m  [1m[34mSELECT "schema_migrations"."version" FROM "schema_migrations" ORDER BY "schema_migrations"."version" ASC /*application='MiApi'*/[0m
  [1m[36mActiveRecord::SchemaMigration Load (8.9ms)[0m  [1m[34mSELECT "schema_migrations"."version" FROM "schema_migrations" ORDER BY "schema_migrations"."version" ASC /*application='MiApi'*/[0m
  [1m[36mActiveRecord::SchemaMigration Load (2.4ms)[0m  [1m[34mSELECT "schema_migrations"."version" FROM "schema_migrations" ORDER BY "schema_migrations"."version" ASC /*application='MiApi'*/[0m
  [1m[36mActiveRecord::SchemaMigration Load (2.2ms)[0m  [1m[34mSELECT "schema_migrations"."version" FROM "schema_migrations" ORDER BY "schema_migrations"."version" ASC /*application='MiApi'*/[0m
  [1m[36mActiveRecord::SchemaMigration Load (2.0ms)[0m  [1m[34mSELECT "schema_migrations"."version" FROM "schema_migrations" ORDER BY "schema_migrations"."version" ASC /*application='MiApi'*/[0m
Migrating to CreateCarros (20250224194741)
  [1m[36mTRANSACTION (1.9ms)[0m  [1m[35mBEGIN immediate TRANSACTION /*application='MiApi'*/[0m
  [1m[35m (4.9ms)[0m  [1m[35mDROP TABLE "carros" /*application='MiApi'*/[0m
  [1m[36mActiveRecord::SchemaMigration Destroy (0.1ms)[0m  [1m[31mDELETE FROM "schema_migrations" WHERE "schema_migrations"."version" = '20250224194741' /*application='MiApi'*/[0m
  [1m[36mTRANSACTION (34.7ms)[0m  [1m[35mCOMMIT TRANSACTION /*application='MiApi'*/[0m
Migrating to CreateRelojs (20250219203715)
  [1m[36mTRANSACTION (8.9ms)[0m  [1m[35mBEGIN immediate TRANSACTION /*application='MiApi'*/[0m
  [1m[35m (12.0ms)[0m  [1m[35mDROP TABLE "relojs" /*application='MiApi'*/[0m
  [1m[36mActiveRecord::SchemaMigration Destroy (0.1ms)[0m  [1m[31mDELETE FROM "schema_migrations" WHERE "schema_migrations"."version" = '20250219203715' /*application='MiApi'*/[0m
  [1m[36mTRANSACTION (10.3ms)[0m  [1m[35mCOMMIT TRANSACTION /*application='MiApi'*/[0m
  [1m[36mActiveRecord::SchemaMigration Load (1.7ms)[0m  [1m[34mSELECT "schema_migrations"."version" FROM "schema_migrations" ORDER BY "schema_migrations"."version" ASC /*application='MiApi'*/[0m
  [1m[36mActiveRecord::InternalMetadata Load (2.0ms)[0m  [1m[34mSELECT * FROM "ar_internal_metadata" WHERE "ar_internal_metadata"."key" = 'environment' ORDER BY "ar_internal_metadata"."key" ASC LIMIT 1 /*application='MiApi'*/[0m
  [1m[36mActiveRecord::SchemaMigration Load (0.6ms)[0m  [1m[34mSELECT "schema_migrations"."version" FROM "schema_migrations" ORDER BY "schema_migrations"."version" ASC /*application='MiApi'*/[0m
Migrating to CreateRelojs (20250219203715)
  [1m[36mTRANSACTION (1.2ms)[0m  [1m[35mBEGIN immediate TRANSACTION /*application='MiApi'*/[0m
  [1m[35m (3.8ms)[0m  [1m[35mCREATE TABLE "relojs" ("id" integer PRIMARY KEY AUTOINCREMENT NOT NULL, "serie" integer, "piedras" varchar, "marca" varchar, "created_at" datetime(6) NOT NULL, "updated_at" datetime(6) NOT NULL) /*application='MiApi'*/[0m
  [1m[36mActiveRecord::SchemaMigration Create (0.3ms)[0m  [1m[32mINSERT INTO "schema_migrations" ("version") VALUES ('20250219203715') RETURNING "version" /*application='MiApi'*/[0m
  [1m[36mTRANSACTION (13.9ms)[0m  [1m[35mCOMMIT TRANSACTION /*application='MiApi'*/[0m
Migrating to CreateCarros (20250224194741)
  [1m[36mTRANSACTION (3.0ms)[0m  [1m[35mBEGIN immediate TRANSACTION /*application='MiApi'*/[0m
  [1m[35m (4.9ms)[0m  [1m[35mCREATE TABLE "carros" ("id" integer PRIMARY KEY AUTOINCREMENT NOT NULL, "color" varchar, "marca" varchar, "created_at" datetime(6) NOT NULL, "updated_at" datetime(6) NOT NULL) /*application='MiApi'*/[0m
  [1m[36mActiveRecord::SchemaMigration Create (0.2ms)[0m  [1m[32mINSERT INTO "schema_migrations" ("version") VALUES ('20250224194741') RETURNING "version" /*application='MiApi'*/[0m
  [1m[36mTRANSACTION (2.4ms)[0m  [1m[35mCOMMIT TRANSACTION /*application='MiApi'*/[0m
  [1m[36mActiveRecord::SchemaMigration Load (0.5ms)[0m  [1m[34mSELECT "schema_migrations"."version" FROM "schema_migrations" ORDER BY "schema_migrations"."version" ASC /*application='MiApi'*/[0m
  [1m[36mActiveRecord::SchemaMigration Load (3.0ms)[0m  [1m[34mSELECT "schema_migrations"."version" FROM "schema_migrations" ORDER BY "schema_migrations"."version" ASC /*application='MiApi'*/[0m
  [1m[36mActiveRecord::SchemaMigration Load (0.6ms)[0m  [1m[34mSELECT "schema_migrations"."version" FROM "schema_migrations" ORDER BY "schema_migrations"."version" ASC /*application='MiApi'*/[0m
  [1m[36mActiveRecord::SchemaMigration Load (1.4ms)[0m  [1m[34mSELECT "schema_migrations"."version" FROM "schema_migrations" ORDER BY "schema_migrations"."version" ASC /*application='MiApi'*/[0m
  [1m[36mActiveRecord::SchemaMigration Load (1.6ms)[0m  [1m[34mSELECT "schema_migrations"."version" FROM "schema_migrations" ORDER BY "schema_migrations"."version" ASC /*application='MiApi'*/[0m
Migrating to CreateCarros (20250224194741)
  [1m[36mTRANSACTION (1.0ms)[0m  [1m[35mBEGIN immediate TRANSACTION /*application='MiApi'*/[0m
  [1m[35m (2.8ms)[0m  [1m[35mDROP TABLE "carros" /*application='MiApi'*/[0m
  [1m[36mActiveRecord::SchemaMigration Destroy (0.1ms)[0m  [1m[31mDELETE FROM "schema_migrations" WHERE "schema_migrations"."version" = '20250224194741' /*application='MiApi'*/[0m
  [1m[36mTRANSACTION (7.7ms)[0m  [1m[35mCOMMIT TRANSACTION /*application='MiApi'*/[0m
  [1m[36mActiveRecord::SchemaMigration Load (0.4ms)[0m  [1m[34mSELECT "schema_migrations"."version" FROM "schema_migrations" ORDER BY "schema_migrations"."version" ASC /*application='MiApi'*/[0m
  [1m[36mActiveRecord::InternalMetadata Load (8.1ms)[0m  [1m[34mSELECT * FROM "ar_internal_metadata" WHERE "ar_internal_metadata"."key" = 'environment' ORDER BY "ar_internal_metadata"."key" ASC LIMIT 1 /*application='MiApi'*/[0m
  [1m[36mActiveRecord::SchemaMigration Load (1.6ms)[0m  [1m[34mSELECT "schema_migrations"."version" FROM "schema_migrations" ORDER BY "schema_migrations"."version" ASC /*application='MiApi'*/[0m
Migrating to CreateCarros (20250224194741)
  [1m[36mTRANSACTION (2.0ms)[0m  [1m[35mBEGIN immediate TRANSACTION /*application='MiApi'*/[0m
  [1m[35m (5.9ms)[0m  [1m[35mCREATE TABLE "carros" ("id" integer PRIMARY KEY AUTOINCREMENT NOT NULL, "color" varchar, "marca" varchar, "created_at" datetime(6) NOT NULL, "updated_at" datetime(6) NOT NULL) /*application='MiApi'*/[0m
  [1m[36mActiveRecord::SchemaMigration Create (0.2ms)[0m  [1m[32mINSERT INTO "schema_migrations" ("version") VALUES ('20250224194741') RETURNING "version" /*application='MiApi'*/[0m
  [1m[36mTRANSACTION (13.7ms)[0m  [1m[35mCOMMIT TRANSACTION /*application='MiApi'*/[0m
  [1m[36mActiveRecord::SchemaMigration Load (0.9ms)[0m  [1m[34mSELECT "schema_migrations"."version" FROM "schema_migrations" ORDER BY "schema_migrations"."version" ASC /*application='MiApi'*/[0m
  [1m[36mActiveRecord::SchemaMigration Load (8.2ms)[0m  [1m[34mSELECT "schema_migrations"."version" FROM "schema_migrations" ORDER BY "schema_migrations"."version" ASC /*application='MiApi'*/[0m
  [1m[36mActiveRecord::SchemaMigration Load (2.0ms)[0m  [1m[34mSELECT "schema_migrations"."version" FROM "schema_migrations" ORDER BY "schema_migrations"."version" ASC /*application='MiApi'*/[0m
  [1m[36mActiveRecord::SchemaMigration Load (2.0ms)[0m  [1m[34mSELECT "schema_migrations"."version" FROM "schema_migrations" ORDER BY "schema_migrations"."version" ASC /*application='MiApi'*/[0m
  [1m[36mActiveRecord::SchemaMigration Load (1.8ms)[0m  [1m[34mSELECT "schema_migrations"."version" FROM "schema_migrations" ORDER BY "schema_migrations"."version" ASC /*application='MiApi'*/[0m
Migrating to CreateCarros (20250224194741)
  [1m[36mTRANSACTION (3.1ms)[0m  [1m[35mBEGIN immediate TRANSACTION /*application='MiApi'*/[0m
  [1m[35m (7.8ms)[0m  [1m[35mDROP TABLE "carros" /*application='MiApi'*/[0m
  [1m[36mActiveRecord::SchemaMigration Destroy (0.3ms)[0m  [1m[31mDELETE FROM "schema_migrations" WHERE "schema_migrations"."version" = '20250224194741' /*application='MiApi'*/[0m
  [1m[36mTRANSACTION (20.8ms)[0m  [1m[35mCOMMIT TRANSACTION /*application='MiApi'*/[0m
  [1m[36mActiveRecord::SchemaMigration Load (1.4ms)[0m  [1m[34mSELECT "schema_migrations"."version" FROM "schema_migrations" ORDER BY "schema_migrations"."version" ASC /*application='MiApi'*/[0m
  [1m[36mActiveRecord::InternalMetadata Load (1.8ms)[0m  [1m[34mSELECT * FROM "ar_internal_metadata" WHERE "ar_internal_metadata"."key" = 'environment' ORDER BY "ar_internal_metadata"."key" ASC LIMIT 1 /*application='MiApi'*/[0m
  [1m[36mActiveRecord::SchemaMigration Load (0.5ms)[0m  [1m[34mSELECT "schema_migrations"."version" FROM "schema_migrations" ORDER BY "schema_migrations"."version" ASC /*application='MiApi'*/[0m
Migrating to CreateCarros (20250224194741)
  [1m[36mTRANSACTION (0.8ms)[0m  [1m[35mBEGIN immediate TRANSACTION /*application='MiApi'*/[0m
  [1m[35m (5.2ms)[0m  [1m[35mCREATE TABLE "carros" ("id" integer PRIMARY KEY AUTOINCREMENT NOT NULL, "color" varchar, "marca" varchar, "placa" varchar, "created_at" datetime(6) NOT NULL, "updated_at" datetime(6) NOT NULL) /*application='MiApi'*/[0m
  [1m[36mActiveRecord::SchemaMigration Create (0.2ms)[0m  [1m[32mINSERT INTO "schema_migrations" ("version") VALUES ('20250224194741') RETURNING "version" /*application='MiApi'*/[0m
  [1m[36mTRANSACTION (8.9ms)[0m  [1m[35mCOMMIT TRANSACTION /*application='MiApi'*/[0m
  [1m[36mActiveRecord::SchemaMigration Load (1.0ms)[0m  [1m[34mSELECT "schema_migrations"."version" FROM "schema_migrations" ORDER BY "schema_migrations"."version" ASC /*application='MiApi'*/[0m
  [1m[36mCarro Load (165.2ms)[0m  [1m[34mSELECT "carros".* FROM "carros" /* loading for pp */ LIMIT 11 /*application='MiApi'*/[0m
  [1m[36mCarro Load (1.5ms)[0m  [1m[34mSELECT "carros".* FROM "carros" /* loading for pp */ LIMIT 11 /*application='MiApi'*/[0m
  [1m[36mTRANSACTION (0.7ms)[0m  [1m[35mBEGIN immediate TRANSACTION /*application='MiApi'*/[0m
  [1m[36mCarro Create (1.7ms)[0m  [1m[32mINSERT INTO "carros" ("color", "marca", "placa", "created_at", "updated_at") VALUES ('azul', 'lamborghini', '233', '2025-02-24 20:56:46.623061', '2025-02-24 20:56:46.623061') RETURNING "id" /*application='MiApi'*/[0m
  [1m[36mTRANSACTION (5.6ms)[0m  [1m[35mCOMMIT TRANSACTION /*application='MiApi'*/[0m
  [1m[36mCarro Load (1.7ms)[0m  [1m[34mSELECT "carros".* FROM "carros" /* loading for pp */ LIMIT 11 /*application='MiApi'*/[0m
  [1m[36mReloj Load (0.4ms)[0m  [1m[34mSELECT "relojs".* FROM "relojs" /* loading for pp */ LIMIT 11 /*application='MiApi'*/[0m
Started GET "/Carro" for 172.17.0.1 at 2025-02-24 21:13:51 +0000
  [1m[36mActiveRecord::SchemaMigration Load (1.0ms)[0m  [1m[34mSELECT "schema_migrations"."version" FROM "schema_migrations" ORDER BY "schema_migrations"."version" ASC /*application='MiApi'*/[0m
  
ArgumentError ('Carro' is not a supported controller name. This can lead to potential routing problems. See https://guides.rubyonrails.org/routing.html#specifying-a-controller-to-use):
  
config/routes.rb:7:in `block in <main>'
config/routes.rb:1:in `<main>'
Started GET "/favicon.ico" for 172.17.0.1 at 2025-02-24 21:13:53 +0000
  
ActionController::RoutingError (No route matches [GET] "/favicon.ico"):
  
Started GET "/Carro" for 172.17.0.1 at 2025-02-24 21:14:16 +0000
  
ActionController::RoutingError (No route matches [GET] "/Carro"):
  
Started GET "/aarro" for 172.17.0.1 at 2025-02-24 21:15:02 +0000
  
ActionController::RoutingError (No route matches [GET] "/aarro"):
  
Started GET "/carro" for 172.17.0.1 at 2025-02-24 21:15:27 +0000
  
ActionController::RoutingError (uninitialized constant CarroController)
Caused by: ActionDispatch::MissingController (uninitialized constant CarroController)
Caused by: NameError (uninitialized constant CarroController)

Information for: ActionController::RoutingError (uninitialized constant CarroController):
  

Information for cause: ActionDispatch::MissingController (uninitialized constant CarroController):
  
actionpack (8.0.1) lib/action_dispatch/http/request.rb:102:in `rescue in controller_class_for'
actionpack (8.0.1) lib/action_dispatch/http/request.rb:98:in `controller_class_for'
actionpack (8.0.1) lib/action_dispatch/http/request.rb:91:in `controller_class'
actionpack (8.0.1) lib/action_dispatch/routing/route_set.rb:61:in `controller'
actionpack (8.0.1) lib/action_dispatch/routing/route_set.rb:48:in `serve'
actionpack (8.0.1) lib/action_dispatch/journey/router.rb:53:in `block in serve'
actionpack (8.0.1) lib/action_dispatch/journey/router.rb:133:in `block in find_routes'
actionpack (8.0.1) lib/action_dispatch/journey/router.rb:126:in `each'
actionpack (8.0.1) lib/action_dispatch/journey/router.rb:126:in `find_routes'
actionpack (8.0.1) lib/action_dispatch/journey/router.rb:34:in `serve'
actionpack (8.0.1) lib/action_dispatch/routing/route_set.rb:908:in `call'
railties (8.0.1) lib/rails/engine/lazy_route_set.rb:68:in `call'
rack (3.1.10) lib/rack/etag.rb:29:in `call'
rack (3.1.10) lib/rack/conditional_get.rb:31:in `call'
rack (3.1.10) lib/rack/head.rb:15:in `call'
activerecord (8.0.1) lib/active_record/migration.rb:671:in `call'
actionpack (8.0.1) lib/action_dispatch/middleware/callbacks.rb:31:in `block in call'
activesupport (8.0.1) lib/active_support/callbacks.rb:100:in `run_callbacks'
actionpack (8.0.1) lib/action_dispatch/middleware/callbacks.rb:30:in `call'
actionpack (8.0.1) lib/action_dispatch/middleware/executor.rb:16:in `call'
actionpack (8.0.1) lib/action_dispatch/middleware/actionable_exceptions.rb:18:in `call'
actionpack (8.0.1) lib/action_dispatch/middleware/debug_exceptions.rb:31:in `call'
actionpack (8.0.1) lib/action_dispatch/middleware/show_exceptions.rb:32:in `call'
railties (8.0.1) lib/rails/rack/logger.rb:41:in `call_app'
railties (8.0.1) lib/rails/rack/logger.rb:29:in `call'
actionpack (8.0.1) lib/action_dispatch/middleware/remote_ip.rb:96:in `call'
actionpack (8.0.1) lib/action_dispatch/middleware/request_id.rb:34:in `call'
rack (3.1.10) lib/rack/runtime.rb:24:in `call'
actionpack (8.0.1) lib/action_dispatch/middleware/server_timing.rb:61:in `block in call'
actionpack (8.0.1) lib/action_dispatch/middleware/server_timing.rb:26:in `collect_events'
actionpack (8.0.1) lib/action_dispatch/middleware/server_timing.rb:60:in `call'
actionpack (8.0.1) lib/action_dispatch/middleware/executor.rb:16:in `call'
actionpack (8.0.1) lib/action_dispatch/middleware/static.rb:27:in `call'
rack (3.1.10) lib/rack/sendfile.rb:114:in `call'
actionpack (8.0.1) lib/action_dispatch/middleware/host_authorization.rb:143:in `call'
railties (8.0.1) lib/rails/engine.rb:535:in `call'
puma (6.6.0) lib/puma/configuration.rb:279:in `call'
puma (6.6.0) lib/puma/request.rb:99:in `block in handle_request'
puma (6.6.0) lib/puma/thread_pool.rb:390:in `with_force_shutdown'
puma (6.6.0) lib/puma/request.rb:98:in `handle_request'
puma (6.6.0) lib/puma/server.rb:472:in `process_client'
puma (6.6.0) lib/puma/server.rb:254:in `block in run'
puma (6.6.0) lib/puma/thread_pool.rb:167:in `block in spawn_thread'

Information for cause: NameError (uninitialized constant CarroController):
  
activesupport (8.0.1) lib/active_support/inflector/methods.rb:290:in `constantize'
activesupport (8.0.1) lib/active_support/core_ext/string/inflections.rb:74:in `constantize'
actionpack (8.0.1) lib/action_dispatch/http/request.rb:99:in `controller_class_for'
actionpack (8.0.1) lib/action_dispatch/http/request.rb:91:in `controller_class'
actionpack (8.0.1) lib/action_dispatch/routing/route_set.rb:61:in `controller'
actionpack (8.0.1) lib/action_dispatch/routing/route_set.rb:48:in `serve'
actionpack (8.0.1) lib/action_dispatch/journey/router.rb:53:in `block in serve'
actionpack (8.0.1) lib/action_dispatch/journey/router.rb:133:in `block in find_routes'
actionpack (8.0.1) lib/action_dispatch/journey/router.rb:126:in `each'
actionpack (8.0.1) lib/action_dispatch/journey/router.rb:126:in `find_routes'
actionpack (8.0.1) lib/action_dispatch/journey/router.rb:34:in `serve'
actionpack (8.0.1) lib/action_dispatch/routing/route_set.rb:908:in `call'
railties (8.0.1) lib/rails/engine/lazy_route_set.rb:68:in `call'
rack (3.1.10) lib/rack/etag.rb:29:in `call'
rack (3.1.10) lib/rack/conditional_get.rb:31:in `call'
rack (3.1.10) lib/rack/head.rb:15:in `call'
activerecord (8.0.1) lib/active_record/migration.rb:671:in `call'
actionpack (8.0.1) lib/action_dispatch/middleware/callbacks.rb:31:in `block in call'
activesupport (8.0.1) lib/active_support/callbacks.rb:100:in `run_callbacks'
actionpack (8.0.1) lib/action_dispatch/middleware/callbacks.rb:30:in `call'
actionpack (8.0.1) lib/action_dispatch/middleware/executor.rb:16:in `call'
actionpack (8.0.1) lib/action_dispatch/middleware/actionable_exceptions.rb:18:in `call'
actionpack (8.0.1) lib/action_dispatch/middleware/debug_exceptions.rb:31:in `call'
actionpack (8.0.1) lib/action_dispatch/middleware/show_exceptions.rb:32:in `call'
railties (8.0.1) lib/rails/rack/logger.rb:41:in `call_app'
railties (8.0.1) lib/rails/rack/logger.rb:29:in `call'
actionpack (8.0.1) lib/action_dispatch/middleware/remote_ip.rb:96:in `call'
actionpack (8.0.1) lib/action_dispatch/middleware/request_id.rb:34:in `call'
rack (3.1.10) lib/rack/runtime.rb:24:in `call'
actionpack (8.0.1) lib/action_dispatch/middleware/server_timing.rb:61:in `block in call'
actionpack (8.0.1) lib/action_dispatch/middleware/server_timing.rb:26:in `collect_events'
actionpack (8.0.1) lib/action_dispatch/middleware/server_timing.rb:60:in `call'
actionpack (8.0.1) lib/action_dispatch/middleware/executor.rb:16:in `call'
actionpack (8.0.1) lib/action_dispatch/middleware/static.rb:27:in `call'
rack (3.1.10) lib/rack/sendfile.rb:114:in `call'
actionpack (8.0.1) lib/action_dispatch/middleware/host_authorization.rb:143:in `call'
railties (8.0.1) lib/rails/engine.rb:535:in `call'
puma (6.6.0) lib/puma/configuration.rb:279:in `call'
puma (6.6.0) lib/puma/request.rb:99:in `block in handle_request'
puma (6.6.0) lib/puma/thread_pool.rb:390:in `with_force_shutdown'
puma (6.6.0) lib/puma/request.rb:98:in `handle_request'
puma (6.6.0) lib/puma/server.rb:472:in `process_client'
puma (6.6.0) lib/puma/server.rb:254:in `block in run'
puma (6.6.0) lib/puma/thread_pool.rb:167:in `block in spawn_thread'
Started GET "/carro" for 172.17.0.1 at 2025-02-24 21:16:54 +0000
Processing by CarroController#index as HTML
  [1m[36mCarro Load (18.5ms)[0m  [1m[34mSELECT "carros".* FROM "carros" /*action='index',application='MiApi',controller='carro'*/[0m
  ↳ app/controllers/carro_controller.rb:4:in `index'
Completed 200 OK in 89ms (Views: 7.5ms | ActiveRecord: 20.6ms (1 query, 0 cached) | GC: 0.1ms)


Started GET "/carro/1" for 172.17.0.1 at 2025-02-24 21:20:56 +0000
  
AbstractController::ActionNotFound (The action 'show' could not be found for CarroController):
  
actionpack (8.0.1) lib/abstract_controller/base.rb:158:in `process'
actionpack (8.0.1) lib/action_controller/metal.rb:252:in `dispatch'
actionpack (8.0.1) lib/action_controller/metal.rb:335:in `dispatch'
actionpack (8.0.1) lib/action_dispatch/routing/route_set.rb:67:in `dispatch'
actionpack (8.0.1) lib/action_dispatch/routing/route_set.rb:50:in `serve'
actionpack (8.0.1) lib/action_dispatch/journey/router.rb:53:in `block in serve'
actionpack (8.0.1) lib/action_dispatch/journey/router.rb:133:in `block in find_routes'
actionpack (8.0.1) lib/action_dispatch/journey/router.rb:126:in `each'
actionpack (8.0.1) lib/action_dispatch/journey/router.rb:126:in `find_routes'
actionpack (8.0.1) lib/action_dispatch/journey/router.rb:34:in `serve'
actionpack (8.0.1) lib/action_dispatch/routing/route_set.rb:908:in `call'
railties (8.0.1) lib/rails/engine/lazy_route_set.rb:68:in `call'
rack (3.1.10) lib/rack/etag.rb:29:in `call'
rack (3.1.10) lib/rack/conditional_get.rb:31:in `call'
rack (3.1.10) lib/rack/head.rb:15:in `call'
activerecord (8.0.1) lib/active_record/migration.rb:671:in `call'
actionpack (8.0.1) lib/action_dispatch/middleware/callbacks.rb:31:in `block in call'
activesupport (8.0.1) lib/active_support/callbacks.rb:100:in `run_callbacks'
actionpack (8.0.1) lib/action_dispatch/middleware/callbacks.rb:30:in `call'
actionpack (8.0.1) lib/action_dispatch/middleware/executor.rb:16:in `call'
actionpack (8.0.1) lib/action_dispatch/middleware/actionable_exceptions.rb:18:in `call'
actionpack (8.0.1) lib/action_dispatch/middleware/debug_exceptions.rb:31:in `call'
actionpack (8.0.1) lib/action_dispatch/middleware/show_exceptions.rb:32:in `call'
railties (8.0.1) lib/rails/rack/logger.rb:41:in `call_app'
railties (8.0.1) lib/rails/rack/logger.rb:29:in `call'
actionpack (8.0.1) lib/action_dispatch/middleware/remote_ip.rb:96:in `call'
actionpack (8.0.1) lib/action_dispatch/middleware/request_id.rb:34:in `call'
rack (3.1.10) lib/rack/runtime.rb:24:in `call'
actionpack (8.0.1) lib/action_dispatch/middleware/server_timing.rb:61:in `block in call'
actionpack (8.0.1) lib/action_dispatch/middleware/server_timing.rb:26:in `collect_events'
actionpack (8.0.1) lib/action_dispatch/middleware/server_timing.rb:60:in `call'
actionpack (8.0.1) lib/action_dispatch/middleware/executor.rb:16:in `call'
actionpack (8.0.1) lib/action_dispatch/middleware/static.rb:27:in `call'
rack (3.1.10) lib/rack/sendfile.rb:114:in `call'
actionpack (8.0.1) lib/action_dispatch/middleware/host_authorization.rb:143:in `call'
railties (8.0.1) lib/rails/engine.rb:535:in `call'
puma (6.6.0) lib/puma/configuration.rb:279:in `call'
puma (6.6.0) lib/puma/request.rb:99:in `block in handle_request'
puma (6.6.0) lib/puma/thread_pool.rb:390:in `with_force_shutdown'
puma (6.6.0) lib/puma/request.rb:98:in `handle_request'
puma (6.6.0) lib/puma/server.rb:472:in `process_client'
puma (6.6.0) lib/puma/server.rb:254:in `block in run'
puma (6.6.0) lib/puma/thread_pool.rb:167:in `block in spawn_thread'
Started GET "/carro/1" for 172.17.0.1 at 2025-02-24 21:21:14 +0000
  
AbstractController::ActionNotFound (The action 'show' could not be found for CarroController):
  
actionpack (8.0.1) lib/abstract_controller/base.rb:158:in `process'
actionpack (8.0.1) lib/action_controller/metal.rb:252:in `dispatch'
actionpack (8.0.1) lib/action_controller/metal.rb:335:in `dispatch'
actionpack (8.0.1) lib/action_dispatch/routing/route_set.rb:67:in `dispatch'
actionpack (8.0.1) lib/action_dispatch/routing/route_set.rb:50:in `serve'
actionpack (8.0.1) lib/action_dispatch/journey/router.rb:53:in `block in serve'
actionpack (8.0.1) lib/action_dispatch/journey/router.rb:133:in `block in find_routes'
actionpack (8.0.1) lib/action_dispatch/journey/router.rb:126:in `each'
actionpack (8.0.1) lib/action_dispatch/journey/router.rb:126:in `find_routes'
actionpack (8.0.1) lib/action_dispatch/journey/router.rb:34:in `serve'
actionpack (8.0.1) lib/action_dispatch/routing/route_set.rb:908:in `call'
railties (8.0.1) lib/rails/engine/lazy_route_set.rb:68:in `call'
rack (3.1.10) lib/rack/etag.rb:29:in `call'
rack (3.1.10) lib/rack/conditional_get.rb:31:in `call'
rack (3.1.10) lib/rack/head.rb:15:in `call'
activerecord (8.0.1) lib/active_record/migration.rb:671:in `call'
actionpack (8.0.1) lib/action_dispatch/middleware/callbacks.rb:31:in `block in call'
activesupport (8.0.1) lib/active_support/callbacks.rb:100:in `run_callbacks'
actionpack (8.0.1) lib/action_dispatch/middleware/callbacks.rb:30:in `call'
actionpack (8.0.1) lib/action_dispatch/middleware/executor.rb:16:in `call'
actionpack (8.0.1) lib/action_dispatch/middleware/actionable_exceptions.rb:18:in `call'
actionpack (8.0.1) lib/action_dispatch/middleware/debug_exceptions.rb:31:in `call'
actionpack (8.0.1) lib/action_dispatch/middleware/show_exceptions.rb:32:in `call'
railties (8.0.1) lib/rails/rack/logger.rb:41:in `call_app'
railties (8.0.1) lib/rails/rack/logger.rb:29:in `call'
actionpack (8.0.1) lib/action_dispatch/middleware/remote_ip.rb:96:in `call'
actionpack (8.0.1) lib/action_dispatch/middleware/request_id.rb:34:in `call'
rack (3.1.10) lib/rack/runtime.rb:24:in `call'
actionpack (8.0.1) lib/action_dispatch/middleware/server_timing.rb:61:in `block in call'
actionpack (8.0.1) lib/action_dispatch/middleware/server_timing.rb:26:in `collect_events'
actionpack (8.0.1) lib/action_dispatch/middleware/server_timing.rb:60:in `call'
actionpack (8.0.1) lib/action_dispatch/middleware/executor.rb:16:in `call'
actionpack (8.0.1) lib/action_dispatch/middleware/static.rb:27:in `call'
rack (3.1.10) lib/rack/sendfile.rb:114:in `call'
actionpack (8.0.1) lib/action_dispatch/middleware/host_authorization.rb:143:in `call'
railties (8.0.1) lib/rails/engine.rb:535:in `call'
puma (6.6.0) lib/puma/configuration.rb:279:in `call'
puma (6.6.0) lib/puma/request.rb:99:in `block in handle_request'
puma (6.6.0) lib/puma/thread_pool.rb:390:in `with_force_shutdown'
puma (6.6.0) lib/puma/request.rb:98:in `handle_request'
puma (6.6.0) lib/puma/server.rb:472:in `process_client'
puma (6.6.0) lib/puma/server.rb:254:in `block in run'
puma (6.6.0) lib/puma/thread_pool.rb:167:in `block in spawn_thread'
Started GET "/carro/1" for 172.17.0.1 at 2025-02-24 21:21:33 +0000
  
AbstractController::ActionNotFound (The action 'show' could not be found for CarroController):
  
actionpack (8.0.1) lib/abstract_controller/base.rb:158:in `process'
actionpack (8.0.1) lib/action_controller/metal.rb:252:in `dispatch'
actionpack (8.0.1) lib/action_controller/metal.rb:335:in `dispatch'
actionpack (8.0.1) lib/action_dispatch/routing/route_set.rb:67:in `dispatch'
actionpack (8.0.1) lib/action_dispatch/routing/route_set.rb:50:in `serve'
actionpack (8.0.1) lib/action_dispatch/journey/router.rb:53:in `block in serve'
actionpack (8.0.1) lib/action_dispatch/journey/router.rb:133:in `block in find_routes'
actionpack (8.0.1) lib/action_dispatch/journey/router.rb:126:in `each'
actionpack (8.0.1) lib/action_dispatch/journey/router.rb:126:in `find_routes'
actionpack (8.0.1) lib/action_dispatch/journey/router.rb:34:in `serve'
actionpack (8.0.1) lib/action_dispatch/routing/route_set.rb:908:in `call'
railties (8.0.1) lib/rails/engine/lazy_route_set.rb:68:in `call'
rack (3.1.10) lib/rack/etag.rb:29:in `call'
rack (3.1.10) lib/rack/conditional_get.rb:31:in `call'
rack (3.1.10) lib/rack/head.rb:15:in `call'
activerecord (8.0.1) lib/active_record/migration.rb:671:in `call'
actionpack (8.0.1) lib/action_dispatch/middleware/callbacks.rb:31:in `block in call'
activesupport (8.0.1) lib/active_support/callbacks.rb:100:in `run_callbacks'
actionpack (8.0.1) lib/action_dispatch/middleware/callbacks.rb:30:in `call'
actionpack (8.0.1) lib/action_dispatch/middleware/executor.rb:16:in `call'
actionpack (8.0.1) lib/action_dispatch/middleware/actionable_exceptions.rb:18:in `call'
actionpack (8.0.1) lib/action_dispatch/middleware/debug_exceptions.rb:31:in `call'
actionpack (8.0.1) lib/action_dispatch/middleware/show_exceptions.rb:32:in `call'
railties (8.0.1) lib/rails/rack/logger.rb:41:in `call_app'
railties (8.0.1) lib/rails/rack/logger.rb:29:in `call'
actionpack (8.0.1) lib/action_dispatch/middleware/remote_ip.rb:96:in `call'
actionpack (8.0.1) lib/action_dispatch/middleware/request_id.rb:34:in `call'
rack (3.1.10) lib/rack/runtime.rb:24:in `call'
actionpack (8.0.1) lib/action_dispatch/middleware/server_timing.rb:61:in `block in call'
actionpack (8.0.1) lib/action_dispatch/middleware/server_timing.rb:26:in `collect_events'
actionpack (8.0.1) lib/action_dispatch/middleware/server_timing.rb:60:in `call'
actionpack (8.0.1) lib/action_dispatch/middleware/executor.rb:16:in `call'
actionpack (8.0.1) lib/action_dispatch/middleware/static.rb:27:in `call'
rack (3.1.10) lib/rack/sendfile.rb:114:in `call'
actionpack (8.0.1) lib/action_dispatch/middleware/host_authorization.rb:143:in `call'
railties (8.0.1) lib/rails/engine.rb:535:in `call'
puma (6.6.0) lib/puma/configuration.rb:279:in `call'
puma (6.6.0) lib/puma/request.rb:99:in `block in handle_request'
puma (6.6.0) lib/puma/thread_pool.rb:390:in `with_force_shutdown'
puma (6.6.0) lib/puma/request.rb:98:in `handle_request'
puma (6.6.0) lib/puma/server.rb:472:in `process_client'
puma (6.6.0) lib/puma/server.rb:254:in `block in run'
puma (6.6.0) lib/puma/thread_pool.rb:167:in `block in spawn_thread'
Started GET "/carro" for 172.17.0.1 at 2025-02-24 21:21:47 +0000
Processing by CarroController#index as HTML
  [1m[36mCarro Load (27.4ms)[0m  [1m[34mSELECT "carros".* FROM "carros" /*action='index',application='MiApi',controller='carro'*/[0m
  ↳ app/controllers/carro_controller.rb:4:in `index'
Completed 200 OK in 77ms (Views: 5.6ms | ActiveRecord: 30.3ms (1 query, 0 cached) | GC: 0.1ms)


Started GET "/carro/1" for 172.17.0.1 at 2025-02-24 21:23:30 +0000
  [1m[36mActiveRecord::SchemaMigration Load (2.2ms)[0m  [1m[34mSELECT "schema_migrations"."version" FROM "schema_migrations" ORDER BY "schema_migrations"."version" ASC /*application='MiApi'*/[0m
  
AbstractController::ActionNotFound (The action 'show' could not be found for CarroController):
  
actionpack (8.0.1) lib/abstract_controller/base.rb:158:in `process'
actionpack (8.0.1) lib/action_controller/metal.rb:252:in `dispatch'
actionpack (8.0.1) lib/action_controller/metal.rb:335:in `dispatch'
actionpack (8.0.1) lib/action_dispatch/routing/route_set.rb:67:in `dispatch'
actionpack (8.0.1) lib/action_dispatch/routing/route_set.rb:50:in `serve'
actionpack (8.0.1) lib/action_dispatch/journey/router.rb:53:in `block in serve'
actionpack (8.0.1) lib/action_dispatch/journey/router.rb:133:in `block in find_routes'
actionpack (8.0.1) lib/action_dispatch/journey/router.rb:126:in `each'
actionpack (8.0.1) lib/action_dispatch/journey/router.rb:126:in `find_routes'
actionpack (8.0.1) lib/action_dispatch/journey/router.rb:34:in `serve'
actionpack (8.0.1) lib/action_dispatch/routing/route_set.rb:908:in `call'
railties (8.0.1) lib/rails/engine/lazy_route_set.rb:68:in `call'
rack (3.1.10) lib/rack/etag.rb:29:in `call'
rack (3.1.10) lib/rack/conditional_get.rb:31:in `call'
rack (3.1.10) lib/rack/head.rb:15:in `call'
activerecord (8.0.1) lib/active_record/migration.rb:671:in `call'
actionpack (8.0.1) lib/action_dispatch/middleware/callbacks.rb:31:in `block in call'
activesupport (8.0.1) lib/active_support/callbacks.rb:100:in `run_callbacks'
actionpack (8.0.1) lib/action_dispatch/middleware/callbacks.rb:30:in `call'
actionpack (8.0.1) lib/action_dispatch/middleware/executor.rb:16:in `call'
actionpack (8.0.1) lib/action_dispatch/middleware/actionable_exceptions.rb:18:in `call'
actionpack (8.0.1) lib/action_dispatch/middleware/debug_exceptions.rb:31:in `call'
actionpack (8.0.1) lib/action_dispatch/middleware/show_exceptions.rb:32:in `call'
railties (8.0.1) lib/rails/rack/logger.rb:41:in `call_app'
railties (8.0.1) lib/rails/rack/logger.rb:29:in `call'
actionpack (8.0.1) lib/action_dispatch/middleware/remote_ip.rb:96:in `call'
actionpack (8.0.1) lib/action_dispatch/middleware/request_id.rb:34:in `call'
rack (3.1.10) lib/rack/runtime.rb:24:in `call'
actionpack (8.0.1) lib/action_dispatch/middleware/server_timing.rb:61:in `block in call'
actionpack (8.0.1) lib/action_dispatch/middleware/server_timing.rb:26:in `collect_events'
actionpack (8.0.1) lib/action_dispatch/middleware/server_timing.rb:60:in `call'
actionpack (8.0.1) lib/action_dispatch/middleware/executor.rb:16:in `call'
actionpack (8.0.1) lib/action_dispatch/middleware/static.rb:27:in `call'
rack (3.1.10) lib/rack/sendfile.rb:114:in `call'
actionpack (8.0.1) lib/action_dispatch/middleware/host_authorization.rb:143:in `call'
railties (8.0.1) lib/rails/engine.rb:535:in `call'
puma (6.6.0) lib/puma/configuration.rb:279:in `call'
puma (6.6.0) lib/puma/request.rb:99:in `block in handle_request'
puma (6.6.0) lib/puma/thread_pool.rb:390:in `with_force_shutdown'
puma (6.6.0) lib/puma/request.rb:98:in `handle_request'
puma (6.6.0) lib/puma/server.rb:472:in `process_client'
puma (6.6.0) lib/puma/server.rb:254:in `block in run'
puma (6.6.0) lib/puma/thread_pool.rb:167:in `block in spawn_thread'
Started GET "/carro/1" for 172.17.0.1 at 2025-02-24 21:24:34 +0000
Started GET "/carro" for 172.17.0.1 at 2025-02-24 21:24:56 +0000
Started GET "/carro/1" for 172.17.0.1 at 2025-02-24 21:25:37 +0000
  
AbstractController::ActionNotFound (The action 'show' could not be found for CarroController):
  
actionpack (8.0.1) lib/abstract_controller/base.rb:158:in `process'
actionpack (8.0.1) lib/action_controller/metal.rb:252:in `dispatch'
actionpack (8.0.1) lib/action_controller/metal.rb:335:in `dispatch'
actionpack (8.0.1) lib/action_dispatch/routing/route_set.rb:67:in `dispatch'
actionpack (8.0.1) lib/action_dispatch/routing/route_set.rb:50:in `serve'
actionpack (8.0.1) lib/action_dispatch/journey/router.rb:53:in `block in serve'
actionpack (8.0.1) lib/action_dispatch/journey/router.rb:133:in `block in find_routes'
actionpack (8.0.1) lib/action_dispatch/journey/router.rb:126:in `each'
actionpack (8.0.1) lib/action_dispatch/journey/router.rb:126:in `find_routes'
actionpack (8.0.1) lib/action_dispatch/journey/router.rb:34:in `serve'
actionpack (8.0.1) lib/action_dispatch/routing/route_set.rb:908:in `call'
railties (8.0.1) lib/rails/engine/lazy_route_set.rb:68:in `call'
rack (3.1.10) lib/rack/etag.rb:29:in `call'
rack (3.1.10) lib/rack/conditional_get.rb:31:in `call'
rack (3.1.10) lib/rack/head.rb:15:in `call'
activerecord (8.0.1) lib/active_record/migration.rb:671:in `call'
actionpack (8.0.1) lib/action_dispatch/middleware/callbacks.rb:31:in `block in call'
activesupport (8.0.1) lib/active_support/callbacks.rb:100:in `run_callbacks'
actionpack (8.0.1) lib/action_dispatch/middleware/callbacks.rb:30:in `call'
actionpack (8.0.1) lib/action_dispatch/middleware/executor.rb:16:in `call'
actionpack (8.0.1) lib/action_dispatch/middleware/actionable_exceptions.rb:18:in `call'
actionpack (8.0.1) lib/action_dispatch/middleware/debug_exceptions.rb:31:in `call'
actionpack (8.0.1) lib/action_dispatch/middleware/show_exceptions.rb:32:in `call'
railties (8.0.1) lib/rails/rack/logger.rb:41:in `call_app'
railties (8.0.1) lib/rails/rack/logger.rb:29:in `call'
actionpack (8.0.1) lib/action_dispatch/middleware/remote_ip.rb:96:in `call'
actionpack (8.0.1) lib/action_dispatch/middleware/request_id.rb:34:in `call'
rack (3.1.10) lib/rack/runtime.rb:24:in `call'
actionpack (8.0.1) lib/action_dispatch/middleware/server_timing.rb:61:in `block in call'
actionpack (8.0.1) lib/action_dispatch/middleware/server_timing.rb:26:in `collect_events'
actionpack (8.0.1) lib/action_dispatch/middleware/server_timing.rb:60:in `call'
actionpack (8.0.1) lib/action_dispatch/middleware/executor.rb:16:in `call'
actionpack (8.0.1) lib/action_dispatch/middleware/static.rb:27:in `call'
rack (3.1.10) lib/rack/sendfile.rb:114:in `call'
actionpack (8.0.1) lib/action_dispatch/middleware/host_authorization.rb:143:in `call'
railties (8.0.1) lib/rails/engine.rb:535:in `call'
puma (6.6.0) lib/puma/configuration.rb:279:in `call'
puma (6.6.0) lib/puma/request.rb:99:in `block in handle_request'
puma (6.6.0) lib/puma/thread_pool.rb:390:in `with_force_shutdown'
puma (6.6.0) lib/puma/request.rb:98:in `handle_request'
puma (6.6.0) lib/puma/server.rb:472:in `process_client'
puma (6.6.0) lib/puma/server.rb:254:in `block in run'
puma (6.6.0) lib/puma/thread_pool.rb:167:in `block in spawn_thread'
Processing by CarroController#index as HTML
  
AbstractController::ActionNotFound (The action 'show' could not be found for CarroController):
  
actionpack (8.0.1) lib/abstract_controller/base.rb:158:in `process'
actionpack (8.0.1) lib/action_controller/metal.rb:252:in `dispatch'
actionpack (8.0.1) lib/action_controller/metal.rb:335:in `dispatch'
actionpack (8.0.1) lib/action_dispatch/routing/route_set.rb:67:in `dispatch'
actionpack (8.0.1) lib/action_dispatch/routing/route_set.rb:50:in `serve'
actionpack (8.0.1) lib/action_dispatch/journey/router.rb:53:in `block in serve'
actionpack (8.0.1) lib/action_dispatch/journey/router.rb:133:in `block in find_routes'
actionpack (8.0.1) lib/action_dispatch/journey/router.rb:126:in `each'
actionpack (8.0.1) lib/action_dispatch/journey/router.rb:126:in `find_routes'
actionpack (8.0.1) lib/action_dispatch/journey/router.rb:34:in `serve'
actionpack (8.0.1) lib/action_dispatch/routing/route_set.rb:908:in `call'
railties (8.0.1) lib/rails/engine/lazy_route_set.rb:68:in `call'
rack (3.1.10) lib/rack/etag.rb:29:in `call'
rack (3.1.10) lib/rack/conditional_get.rb:31:in `call'
rack (3.1.10) lib/rack/head.rb:15:in `call'
activerecord (8.0.1) lib/active_record/migration.rb:671:in `call'
actionpack (8.0.1) lib/action_dispatch/middleware/callbacks.rb:31:in `block in call'
activesupport (8.0.1) lib/active_support/callbacks.rb:100:in `run_callbacks'
actionpack (8.0.1) lib/action_dispatch/middleware/callbacks.rb:30:in `call'
actionpack (8.0.1) lib/action_dispatch/middleware/executor.rb:16:in `call'
actionpack (8.0.1) lib/action_dispatch/middleware/actionable_exceptions.rb:18:in `call'
actionpack (8.0.1) lib/action_dispatch/middleware/debug_exceptions.rb:31:in `call'
actionpack (8.0.1) lib/action_dispatch/middleware/show_exceptions.rb:32:in `call'
railties (8.0.1) lib/rails/rack/logger.rb:41:in `call_app'
railties (8.0.1) lib/rails/rack/logger.rb:29:in `call'
actionpack (8.0.1) lib/action_dispatch/middleware/remote_ip.rb:96:in `call'
actionpack (8.0.1) lib/action_dispatch/middleware/request_id.rb:34:in `call'
rack (3.1.10) lib/rack/runtime.rb:24:in `call'
actionpack (8.0.1) lib/action_dispatch/middleware/server_timing.rb:61:in `block in call'
actionpack (8.0.1) lib/action_dispatch/middleware/server_timing.rb:26:in `collect_events'
actionpack (8.0.1) lib/action_dispatch/middleware/server_timing.rb:60:in `call'
actionpack (8.0.1) lib/action_dispatch/middleware/executor.rb:16:in `call'
actionpack (8.0.1) lib/action_dispatch/middleware/static.rb:27:in `call'
rack (3.1.10) lib/rack/sendfile.rb:114:in `call'
actionpack (8.0.1) lib/action_dispatch/middleware/host_authorization.rb:143:in `call'
railties (8.0.1) lib/rails/engine.rb:535:in `call'
puma (6.6.0) lib/puma/configuration.rb:279:in `call'
puma (6.6.0) lib/puma/request.rb:99:in `block in handle_request'
puma (6.6.0) lib/puma/thread_pool.rb:390:in `with_force_shutdown'
puma (6.6.0) lib/puma/request.rb:98:in `handle_request'
puma (6.6.0) lib/puma/server.rb:472:in `process_client'
puma (6.6.0) lib/puma/server.rb:254:in `block in run'
puma (6.6.0) lib/puma/thread_pool.rb:167:in `block in spawn_thread'
  [1m[36mCarro Load (17.4ms)[0m  [1m[34mSELECT "carros".* FROM "carros" /*action='index',application='MiApi',controller='carro'*/[0m
  ↳ app/controllers/carro_controller.rb:4:in `index'
Completed 200 OK in 260ms (Views: 17.6ms | ActiveRecord: 72.0ms (1 query, 0 cached) | GC: 8.5ms)


Started GET "/carro" for 172.17.0.1 at 2025-02-24 21:26:56 +0000
Started GET "/carro/1" for 172.17.0.1 at 2025-02-24 21:26:56 +0000
Processing by CarroController#index as HTML
  [1m[36mCarro Load (0.6ms)[0m  [1m[34mSELECT "carros".* FROM "carros" /*action='index',application='MiApi',controller='carro'*/[0m
  ↳ app/controllers/carro_controller.rb:4:in `index'
Completed 200 OK in 3ms (Views: 2.4ms | ActiveRecord: 0.6ms (1 query, 0 cached) | GC: 0.0ms)


  
AbstractController::ActionNotFound (The action 'show' could not be found for CarroController):
  
actionpack (8.0.1) lib/abstract_controller/base.rb:158:in `process'
actionpack (8.0.1) lib/action_controller/metal.rb:252:in `dispatch'
actionpack (8.0.1) lib/action_controller/metal.rb:335:in `dispatch'
actionpack (8.0.1) lib/action_dispatch/routing/route_set.rb:67:in `dispatch'
actionpack (8.0.1) lib/action_dispatch/routing/route_set.rb:50:in `serve'
actionpack (8.0.1) lib/action_dispatch/journey/router.rb:53:in `block in serve'
actionpack (8.0.1) lib/action_dispatch/journey/router.rb:133:in `block in find_routes'
actionpack (8.0.1) lib/action_dispatch/journey/router.rb:126:in `each'
actionpack (8.0.1) lib/action_dispatch/journey/router.rb:126:in `find_routes'
actionpack (8.0.1) lib/action_dispatch/journey/router.rb:34:in `serve'
actionpack (8.0.1) lib/action_dispatch/routing/route_set.rb:908:in `call'
railties (8.0.1) lib/rails/engine/lazy_route_set.rb:68:in `call'
rack (3.1.10) lib/rack/etag.rb:29:in `call'
rack (3.1.10) lib/rack/conditional_get.rb:31:in `call'
rack (3.1.10) lib/rack/head.rb:15:in `call'
activerecord (8.0.1) lib/active_record/migration.rb:671:in `call'
actionpack (8.0.1) lib/action_dispatch/middleware/callbacks.rb:31:in `block in call'
activesupport (8.0.1) lib/active_support/callbacks.rb:100:in `run_callbacks'
actionpack (8.0.1) lib/action_dispatch/middleware/callbacks.rb:30:in `call'
actionpack (8.0.1) lib/action_dispatch/middleware/executor.rb:16:in `call'
actionpack (8.0.1) lib/action_dispatch/middleware/actionable_exceptions.rb:18:in `call'
actionpack (8.0.1) lib/action_dispatch/middleware/debug_exceptions.rb:31:in `call'
actionpack (8.0.1) lib/action_dispatch/middleware/show_exceptions.rb:32:in `call'
railties (8.0.1) lib/rails/rack/logger.rb:41:in `call_app'
railties (8.0.1) lib/rails/rack/logger.rb:29:in `call'
actionpack (8.0.1) lib/action_dispatch/middleware/remote_ip.rb:96:in `call'
actionpack (8.0.1) lib/action_dispatch/middleware/request_id.rb:34:in `call'
rack (3.1.10) lib/rack/runtime.rb:24:in `call'
actionpack (8.0.1) lib/action_dispatch/middleware/server_timing.rb:61:in `block in call'
actionpack (8.0.1) lib/action_dispatch/middleware/server_timing.rb:26:in `collect_events'
actionpack (8.0.1) lib/action_dispatch/middleware/server_timing.rb:60:in `call'
actionpack (8.0.1) lib/action_dispatch/middleware/executor.rb:16:in `call'
actionpack (8.0.1) lib/action_dispatch/middleware/static.rb:27:in `call'
rack (3.1.10) lib/rack/sendfile.rb:114:in `call'
actionpack (8.0.1) lib/action_dispatch/middleware/host_authorization.rb:143:in `call'
railties (8.0.1) lib/rails/engine.rb:535:in `call'
puma (6.6.0) lib/puma/configuration.rb:279:in `call'
puma (6.6.0) lib/puma/request.rb:99:in `block in handle_request'
puma (6.6.0) lib/puma/thread_pool.rb:390:in `with_force_shutdown'
puma (6.6.0) lib/puma/request.rb:98:in `handle_request'
puma (6.6.0) lib/puma/server.rb:472:in `process_client'
puma (6.6.0) lib/puma/server.rb:254:in `block in run'
puma (6.6.0) lib/puma/thread_pool.rb:167:in `block in spawn_thread'
Started GET "/carro/1" for 172.17.0.1 at 2025-02-24 21:27:13 +0000
  [1m[36mActiveRecord::SchemaMigration Load (1.2ms)[0m  [1m[34mSELECT "schema_migrations"."version" FROM "schema_migrations" ORDER BY "schema_migrations"."version" ASC /*application='MiApi'*/[0m
  
AbstractController::ActionNotFound (The action 'show' could not be found for CarroController):
  
actionpack (8.0.1) lib/abstract_controller/base.rb:158:in `process'
actionpack (8.0.1) lib/action_controller/metal.rb:252:in `dispatch'
actionpack (8.0.1) lib/action_controller/metal.rb:335:in `dispatch'
actionpack (8.0.1) lib/action_dispatch/routing/route_set.rb:67:in `dispatch'
actionpack (8.0.1) lib/action_dispatch/routing/route_set.rb:50:in `serve'
actionpack (8.0.1) lib/action_dispatch/journey/router.rb:53:in `block in serve'
actionpack (8.0.1) lib/action_dispatch/journey/router.rb:133:in `block in find_routes'
actionpack (8.0.1) lib/action_dispatch/journey/router.rb:126:in `each'
actionpack (8.0.1) lib/action_dispatch/journey/router.rb:126:in `find_routes'
actionpack (8.0.1) lib/action_dispatch/journey/router.rb:34:in `serve'
actionpack (8.0.1) lib/action_dispatch/routing/route_set.rb:908:in `call'
railties (8.0.1) lib/rails/engine/lazy_route_set.rb:68:in `call'
rack (3.1.10) lib/rack/etag.rb:29:in `call'
rack (3.1.10) lib/rack/conditional_get.rb:31:in `call'
rack (3.1.10) lib/rack/head.rb:15:in `call'
activerecord (8.0.1) lib/active_record/migration.rb:671:in `call'
actionpack (8.0.1) lib/action_dispatch/middleware/callbacks.rb:31:in `block in call'
activesupport (8.0.1) lib/active_support/callbacks.rb:100:in `run_callbacks'
actionpack (8.0.1) lib/action_dispatch/middleware/callbacks.rb:30:in `call'
actionpack (8.0.1) lib/action_dispatch/middleware/executor.rb:16:in `call'
actionpack (8.0.1) lib/action_dispatch/middleware/actionable_exceptions.rb:18:in `call'
actionpack (8.0.1) lib/action_dispatch/middleware/debug_exceptions.rb:31:in `call'
actionpack (8.0.1) lib/action_dispatch/middleware/show_exceptions.rb:32:in `call'
railties (8.0.1) lib/rails/rack/logger.rb:41:in `call_app'
railties (8.0.1) lib/rails/rack/logger.rb:29:in `call'
actionpack (8.0.1) lib/action_dispatch/middleware/remote_ip.rb:96:in `call'
actionpack (8.0.1) lib/action_dispatch/middleware/request_id.rb:34:in `call'
rack (3.1.10) lib/rack/runtime.rb:24:in `call'
actionpack (8.0.1) lib/action_dispatch/middleware/server_timing.rb:61:in `block in call'
actionpack (8.0.1) lib/action_dispatch/middleware/server_timing.rb:26:in `collect_events'
actionpack (8.0.1) lib/action_dispatch/middleware/server_timing.rb:60:in `call'
actionpack (8.0.1) lib/action_dispatch/middleware/executor.rb:16:in `call'
actionpack (8.0.1) lib/action_dispatch/middleware/static.rb:27:in `call'
rack (3.1.10) lib/rack/sendfile.rb:114:in `call'
actionpack (8.0.1) lib/action_dispatch/middleware/host_authorization.rb:143:in `call'
railties (8.0.1) lib/rails/engine.rb:535:in `call'
puma (6.6.0) lib/puma/configuration.rb:279:in `call'
puma (6.6.0) lib/puma/request.rb:99:in `block in handle_request'
puma (6.6.0) lib/puma/thread_pool.rb:390:in `with_force_shutdown'
puma (6.6.0) lib/puma/request.rb:98:in `handle_request'
puma (6.6.0) lib/puma/server.rb:472:in `process_client'
puma (6.6.0) lib/puma/server.rb:254:in `block in run'
puma (6.6.0) lib/puma/thread_pool.rb:167:in `block in spawn_thread'
Started GET "/carro/1" for 172.17.0.1 at 2025-02-24 21:28:13 +0000
  [1m[36mActiveRecord::SchemaMigration Load (1.7ms)[0m  [1m[34mSELECT "schema_migrations"."version" FROM "schema_migrations" ORDER BY "schema_migrations"."version" ASC /*application='MiApi'*/[0m
Processing by CarroController#show as HTML
  Parameters: {"id"=>"1"}
  [1m[36mCarro Load (1.0ms)[0m  [1m[34mSELECT "carros".* FROM "carros" WHERE "carros"."id" = 1 LIMIT 1 /*action='show',application='MiApi',controller='carro'*/[0m
  ↳ app/controllers/carro_controller.rb:7:in `show'
Completed 200 OK in 131ms (Views: 0.4ms | ActiveRecord: 21.9ms (1 query, 0 cached) | GC: 0.0ms)


  [1m[36mReloj Load (34.4ms)[0m  [1m[34mSELECT "relojs".* FROM "relojs" /* loading for pp */ LIMIT 11 /*application='MiApi'*/[0m
  [1m[36mTRANSACTION (1.1ms)[0m  [1m[35mBEGIN immediate TRANSACTION /*application='MiApi'*/[0m
  [1m[36mReloj Create (2.6ms)[0m  [1m[32mINSERT INTO "relojs" ("serie", "piedras", "marca", "created_at", "updated_at") VALUES (2020, 'oro y diamante', 'rolex', '2025-02-24 21:39:51.726399', '2025-02-24 21:39:51.726399') RETURNING "id" /*application='MiApi'*/[0m
  [1m[36mTRANSACTION (3.0ms)[0m  [1m[35mCOMMIT TRANSACTION /*application='MiApi'*/[0m
  [1m[36mReloj Load (1.9ms)[0m  [1m[34mSELECT "relojs".* FROM "relojs" /* loading for pp */ LIMIT 11 /*application='MiApi'*/[0m
Started GET "/carro" for 172.17.0.1 at 2025-02-24 21:45:40 +0000
  [1m[36mActiveRecord::SchemaMigration Load (1.7ms)[0m  [1m[34mSELECT "schema_migrations"."version" FROM "schema_migrations" ORDER BY "schema_migrations"."version" ASC /*application='MiApi'*/[0m
Processing by CarroController#index as HTML
  [1m[36mCarro Load (29.3ms)[0m  [1m[34mSELECT "carros".* FROM "carros" /*action='index',application='MiApi',controller='carro'*/[0m
  ↳ app/controllers/carro_controller.rb:4:in `index'
Completed 200 OK in 133ms (Views: 18.6ms | ActiveRecord: 32.5ms (1 query, 0 cached) | GC: 0.0ms)


Started GET "/favicon.ico" for 172.17.0.1 at 2025-02-24 21:45:40 +0000
  
ActionController::RoutingError (No route matches [GET] "/favicon.ico"):
  
Started GET "/reloj" for 172.17.0.1 at 2025-02-24 21:46:02 +0000
Processing by RelojController#index as HTML
  [1m[36mReloj Load (0.6ms)[0m  [1m[34mSELECT "relojs".* FROM "relojs" /*action='index',application='MiApi',controller='reloj'*/[0m
  ↳ app/controllers/reloj_controller.rb:4:in `index'
Completed 200 OK in 21ms (Views: 6.6ms | ActiveRecord: 2.3ms (1 query, 0 cached) | GC: 1.3ms)


Started GET "/reloj/1" for 172.17.0.1 at 2025-02-24 21:46:12 +0000
Processing by RelojController#show as HTML
  Parameters: {"id"=>"1"}
  [1m[36mReloj Load (0.6ms)[0m  [1m[34mSELECT "relojs".* FROM "relojs" WHERE "relojs"."id" = 1 LIMIT 1 /*action='show',application='MiApi',controller='reloj'*/[0m
  ↳ app/controllers/reloj_controller.rb:7:in `show'
Completed 200 OK in 9ms (Views: 0.2ms | ActiveRecord: 0.6ms (1 query, 0 cached) | GC: 0.4ms)


  [1m[36mActiveRecord::InternalMetadata Load (4.7ms)[0m  [1m[34mSELECT * FROM "ar_internal_metadata" WHERE "ar_internal_metadata"."key" = 'environment' ORDER BY "ar_internal_metadata"."key" ASC LIMIT 1 /*application='MiApi'*/[0m
  [1m[36mActiveRecord::SchemaMigration Load (2.1ms)[0m  [1m[34mSELECT "schema_migrations"."version" FROM "schema_migrations" ORDER BY "schema_migrations"."version" ASC /*application='MiApi'*/[0m
Migrating to CreatePeliculas (20250226201014)
  [1m[36mTRANSACTION (1.3ms)[0m  [1m[35mBEGIN immediate TRANSACTION /*application='MiApi'*/[0m
  [1m[35m (3.6ms)[0m  [1m[35mCREATE TABLE "peliculas" ("id" integer PRIMARY KEY AUTOINCREMENT NOT NULL, "nombre" varchar, "year" integer, "created_at" datetime(6) NOT NULL, "updated_at" datetime(6) NOT NULL) /*application='MiApi'*/[0m
  [1m[36mActiveRecord::SchemaMigration Create (0.2ms)[0m  [1m[32mINSERT INTO "schema_migrations" ("version") VALUES ('20250226201014') RETURNING "version" /*application='MiApi'*/[0m
  [1m[36mTRANSACTION (13.7ms)[0m  [1m[35mCOMMIT TRANSACTION /*application='MiApi'*/[0m
  [1m[36mActiveRecord::SchemaMigration Load (1.0ms)[0m  [1m[34mSELECT "schema_migrations"."version" FROM "schema_migrations" ORDER BY "schema_migrations"."version" ASC /*application='MiApi'*/[0m
  [1m[36mTRANSACTION (1.1ms)[0m  [1m[35mBEGIN immediate TRANSACTION /*application='MiApi'*/[0m
  [1m[36mPelicula Create (7.5ms)[0m  [1m[32mINSERT INTO "peliculas" ("nombre", "year", "created_at", "updated_at") VALUES ('toy story', 2015, '2025-02-26 20:14:40.994488', '2025-02-26 20:14:40.994488') RETURNING "id" /*application='MiApi'*/[0m
  [1m[36mTRANSACTION (6.1ms)[0m  [1m[35mCOMMIT TRANSACTION /*application='MiApi'*/[0m
  [1m[36mPelicula Load (9.0ms)[0m  [1m[34mSELECT "peliculas".* FROM "peliculas" /* loading for pp */ LIMIT 11 /*application='MiApi'*/[0m
  [1m[36mPelicula Load (1.1ms)[0m  [1m[34mSELECT "peliculas".* FROM "peliculas" WHERE "peliculas"."id" = 1 LIMIT 1 /*application='MiApi'*/[0m
  [1m[36mTRANSACTION (0.7ms)[0m  [1m[35mBEGIN immediate TRANSACTION /*application='MiApi'*/[0m
  [1m[36mPelicula Destroy (2.0ms)[0m  [1m[31mDELETE FROM "peliculas" WHERE "peliculas"."id" = 1 /*application='MiApi'*/[0m
  [1m[36mTRANSACTION (1.6ms)[0m  [1m[35mCOMMIT TRANSACTION /*application='MiApi'*/[0m
  [1m[36mPelicula Load (3.6ms)[0m  [1m[34mSELECT "peliculas".* FROM "peliculas" /* loading for pp */ LIMIT 11 /*application='MiApi'*/[0m
  [1m[36mPelicula Load (0.8ms)[0m  [1m[34mSELECT "peliculas".* FROM "peliculas" /* loading for pp */ LIMIT 11 /*application='MiApi'*/[0m
  [1m[36mActiveRecord::SchemaMigration Load (5.3ms)[0m  [1m[34mSELECT "schema_migrations"."version" FROM "schema_migrations" ORDER BY "schema_migrations"."version" ASC /*application='MiApi'*/[0m
  [1m[36mActiveRecord::SchemaMigration Load (1.0ms)[0m  [1m[34mSELECT "schema_migrations"."version" FROM "schema_migrations" ORDER BY "schema_migrations"."version" ASC /*application='MiApi'*/[0m
  [1m[36mActiveRecord::SchemaMigration Load (1.1ms)[0m  [1m[34mSELECT "schema_migrations"."version" FROM "schema_migrations" ORDER BY "schema_migrations"."version" ASC /*application='MiApi'*/[0m
  [1m[36mActiveRecord::SchemaMigration Load (1.1ms)[0m  [1m[34mSELECT "schema_migrations"."version" FROM "schema_migrations" ORDER BY "schema_migrations"."version" ASC /*application='MiApi'*/[0m
Migrating to CreatePeliculas (20250226201014)
  [1m[36mTRANSACTION (1.9ms)[0m  [1m[35mBEGIN immediate TRANSACTION /*application='MiApi'*/[0m
  [1m[35m (5.4ms)[0m  [1m[35mDROP TABLE "peliculas" /*application='MiApi'*/[0m
  [1m[36mActiveRecord::SchemaMigration Destroy (0.2ms)[0m  [1m[31mDELETE FROM "schema_migrations" WHERE "schema_migrations"."version" = '20250226201014' /*application='MiApi'*/[0m
  [1m[36mTRANSACTION (12.8ms)[0m  [1m[35mCOMMIT TRANSACTION /*application='MiApi'*/[0m
  [1m[36mActiveRecord::SchemaMigration Load (1.6ms)[0m  [1m[34mSELECT "schema_migrations"."version" FROM "schema_migrations" ORDER BY "schema_migrations"."version" ASC /*application='MiApi'*/[0m
  [1m[36mActiveRecord::SchemaMigration Load (4.3ms)[0m  [1m[34mSELECT "schema_migrations"."version" FROM "schema_migrations" ORDER BY "schema_migrations"."version" ASC /*application='MiApi'*/[0m
  [1m[36mActiveRecord::SchemaMigration Load (1.1ms)[0m  [1m[34mSELECT "schema_migrations"."version" FROM "schema_migrations" ORDER BY "schema_migrations"."version" ASC /*application='MiApi'*/[0m
  [1m[36mActiveRecord::SchemaMigration Load (1.0ms)[0m  [1m[34mSELECT "schema_migrations"."version" FROM "schema_migrations" ORDER BY "schema_migrations"."version" ASC /*application='MiApi'*/[0m
  [1m[36mActiveRecord::SchemaMigration Load (1.5ms)[0m  [1m[34mSELECT "schema_migrations"."version" FROM "schema_migrations" ORDER BY "schema_migrations"."version" ASC /*application='MiApi'*/[0m
Migrating to CreateCarros (20250224194741)
  [1m[36mTRANSACTION (1.5ms)[0m  [1m[35mBEGIN immediate TRANSACTION /*application='MiApi'*/[0m
  [1m[35m (4.9ms)[0m  [1m[35mDROP TABLE "carros" /*application='MiApi'*/[0m
  [1m[36mActiveRecord::SchemaMigration Destroy (0.1ms)[0m  [1m[31mDELETE FROM "schema_migrations" WHERE "schema_migrations"."version" = '20250224194741' /*application='MiApi'*/[0m
  [1m[36mTRANSACTION (15.4ms)[0m  [1m[35mCOMMIT TRANSACTION /*application='MiApi'*/[0m
  [1m[36mActiveRecord::SchemaMigration Load (0.4ms)[0m  [1m[34mSELECT "schema_migrations"."version" FROM "schema_migrations" ORDER BY "schema_migrations"."version" ASC /*application='MiApi'*/[0m
  [1m[36mActiveRecord::InternalMetadata Load (2.8ms)[0m  [1m[34mSELECT * FROM "ar_internal_metadata" WHERE "ar_internal_metadata"."key" = 'environment' ORDER BY "ar_internal_metadata"."key" ASC LIMIT 1 /*application='MiApi'*/[0m
  [1m[36mActiveRecord::SchemaMigration Load (0.7ms)[0m  [1m[34mSELECT "schema_migrations"."version" FROM "schema_migrations" ORDER BY "schema_migrations"."version" ASC /*application='MiApi'*/[0m
Migrating to CreateCarros (20250224194741)
  [1m[36mTRANSACTION (0.9ms)[0m  [1m[35mBEGIN immediate TRANSACTION /*application='MiApi'*/[0m
  [1m[35m (2.8ms)[0m  [1m[35mCREATE TABLE "carros" ("id" integer PRIMARY KEY AUTOINCREMENT NOT NULL, "color" varchar, "marca" varchar, "placa" varchar, "created_at" datetime(6) NOT NULL, "updated_at" datetime(6) NOT NULL) /*application='MiApi'*/[0m
  [1m[36mActiveRecord::SchemaMigration Create (0.1ms)[0m  [1m[32mINSERT INTO "schema_migrations" ("version") VALUES ('20250224194741') RETURNING "version" /*application='MiApi'*/[0m
  [1m[36mTRANSACTION (11.5ms)[0m  [1m[35mCOMMIT TRANSACTION /*application='MiApi'*/[0m
Migrating to CreatePeliculas (20250226201014)
  [1m[36mTRANSACTION (3.1ms)[0m  [1m[35mBEGIN immediate TRANSACTION /*application='MiApi'*/[0m
  [1m[35m (5.3ms)[0m  [1m[35mCREATE TABLE "peliculas" ("id" integer PRIMARY KEY AUTOINCREMENT NOT NULL, "nombre" varchar, "year" integer, "created_at" datetime(6) NOT NULL, "updated_at" datetime(6) NOT NULL) /*application='MiApi'*/[0m
  [1m[36mActiveRecord::SchemaMigration Create (0.2ms)[0m  [1m[32mINSERT INTO "schema_migrations" ("version") VALUES ('20250226201014') RETURNING "version" /*application='MiApi'*/[0m
  [1m[36mTRANSACTION (3.4ms)[0m  [1m[35mCOMMIT TRANSACTION /*application='MiApi'*/[0m
  [1m[36mActiveRecord::SchemaMigration Load (0.5ms)[0m  [1m[34mSELECT "schema_migrations"."version" FROM "schema_migrations" ORDER BY "schema_migrations"."version" ASC /*application='MiApi'*/[0m
  [1m[36mActiveRecord::InternalMetadata Load (5.4ms)[0m  [1m[34mSELECT * FROM "ar_internal_metadata" WHERE "ar_internal_metadata"."key" = 'environment' ORDER BY "ar_internal_metadata"."key" ASC LIMIT 1 /*application='MiApi'*/[0m
  [1m[36mActiveRecord::SchemaMigration Load (1.2ms)[0m  [1m[34mSELECT "schema_migrations"."version" FROM "schema_migrations" ORDER BY "schema_migrations"."version" ASC /*application='MiApi'*/[0m
  [1m[36mActiveRecord::SchemaMigration Load (0.9ms)[0m  [1m[34mSELECT "schema_migrations"."version" FROM "schema_migrations" ORDER BY "schema_migrations"."version" ASC /*application='MiApi'*/[0m
  [1m[36mActiveRecord::InternalMetadata Load (7.8ms)[0m  [1m[34mSELECT * FROM "ar_internal_metadata" WHERE "ar_internal_metadata"."key" = 'environment' ORDER BY "ar_internal_metadata"."key" ASC LIMIT 1 /*application='MiApi'*/[0m
  [1m[36mActiveRecord::SchemaMigration Load (1.6ms)[0m  [1m[34mSELECT "schema_migrations"."version" FROM "schema_migrations" ORDER BY "schema_migrations"."version" ASC /*application='MiApi'*/[0m
  [1m[36mActiveRecord::SchemaMigration Load (1.8ms)[0m  [1m[34mSELECT "schema_migrations"."version" FROM "schema_migrations" ORDER BY "schema_migrations"."version" ASC /*application='MiApi'*/[0m
  [1m[36mActiveRecord::SchemaMigration Load (7.6ms)[0m  [1m[34mSELECT "schema_migrations"."version" FROM "schema_migrations" ORDER BY "schema_migrations"."version" ASC /*application='MiApi'*/[0m
  [1m[36mActiveRecord::SchemaMigration Load (1.7ms)[0m  [1m[34mSELECT "schema_migrations"."version" FROM "schema_migrations" ORDER BY "schema_migrations"."version" ASC /*application='MiApi'*/[0m
  [1m[36mActiveRecord::SchemaMigration Load (1.9ms)[0m  [1m[34mSELECT "schema_migrations"."version" FROM "schema_migrations" ORDER BY "schema_migrations"."version" ASC /*application='MiApi'*/[0m
  [1m[36mActiveRecord::SchemaMigration Load (1.6ms)[0m  [1m[34mSELECT "schema_migrations"."version" FROM "schema_migrations" ORDER BY "schema_migrations"."version" ASC /*application='MiApi'*/[0m
Migrating to CreatePeliculas (20250226201014)
  [1m[36mTRANSACTION (0.8ms)[0m  [1m[35mBEGIN immediate TRANSACTION /*application='MiApi'*/[0m
  [1m[35m (2.6ms)[0m  [1m[35mDROP TABLE "peliculas" /*application='MiApi'*/[0m
  [1m[36mActiveRecord::SchemaMigration Destroy (0.1ms)[0m  [1m[31mDELETE FROM "schema_migrations" WHERE "schema_migrations"."version" = '20250226201014' /*application='MiApi'*/[0m
  [1m[36mTRANSACTION (7.8ms)[0m  [1m[35mCOMMIT TRANSACTION /*application='MiApi'*/[0m
  [1m[36mActiveRecord::SchemaMigration Load (1.1ms)[0m  [1m[34mSELECT "schema_migrations"."version" FROM "schema_migrations" ORDER BY "schema_migrations"."version" ASC /*application='MiApi'*/[0m
  [1m[36mActiveRecord::InternalMetadata Load (7.4ms)[0m  [1m[34mSELECT * FROM "ar_internal_metadata" WHERE "ar_internal_metadata"."key" = 'environment' ORDER BY "ar_internal_metadata"."key" ASC LIMIT 1 /*application='MiApi'*/[0m
  [1m[36mActiveRecord::SchemaMigration Load (1.9ms)[0m  [1m[34mSELECT "schema_migrations"."version" FROM "schema_migrations" ORDER BY "schema_migrations"."version" ASC /*application='MiApi'*/[0m
Migrating to CreatePeliculas (20250226201014)
  [1m[36mTRANSACTION (3.1ms)[0m  [1m[35mBEGIN immediate TRANSACTION /*application='MiApi'*/[0m
  [1m[35m (5.9ms)[0m  [1m[35mCREATE TABLE "peliculas" ("id" integer PRIMARY KEY AUTOINCREMENT NOT NULL, "nombre" varchar, "year" integer, "created_at" datetime(6) NOT NULL, "updated_at" datetime(6) NOT NULL) /*application='MiApi'*/[0m
  [1m[36mActiveRecord::SchemaMigration Create (0.3ms)[0m  [1m[32mINSERT INTO "schema_migrations" ("version") VALUES ('20250226201014') RETURNING "version" /*application='MiApi'*/[0m
  [1m[36mTRANSACTION (14.6ms)[0m  [1m[35mCOMMIT TRANSACTION /*application='MiApi'*/[0m
  [1m[36mActiveRecord::SchemaMigration Load (0.7ms)[0m  [1m[34mSELECT "schema_migrations"."version" FROM "schema_migrations" ORDER BY "schema_migrations"."version" ASC /*application='MiApi'*/[0m
  [1m[36mActiveRecord::SchemaMigration Load (2.3ms)[0m  [1m[34mSELECT "schema_migrations"."version" FROM "schema_migrations" ORDER BY "schema_migrations"."version" ASC /*application='MiApi'*/[0m
  [1m[36mActiveRecord::SchemaMigration Load (0.8ms)[0m  [1m[34mSELECT "schema_migrations"."version" FROM "schema_migrations" ORDER BY "schema_migrations"."version" ASC /*application='MiApi'*/[0m
  [1m[36mActiveRecord::SchemaMigration Load (1.8ms)[0m  [1m[34mSELECT "schema_migrations"."version" FROM "schema_migrations" ORDER BY "schema_migrations"."version" ASC /*application='MiApi'*/[0m
  [1m[36mActiveRecord::SchemaMigration Load (1.7ms)[0m  [1m[34mSELECT "schema_migrations"."version" FROM "schema_migrations" ORDER BY "schema_migrations"."version" ASC /*application='MiApi'*/[0m
Migrating to CreatePeliculas (20250226201014)
  [1m[36mTRANSACTION (1.6ms)[0m  [1m[35mBEGIN immediate TRANSACTION /*application='MiApi'*/[0m
  [1m[35m (4.1ms)[0m  [1m[35mDROP TABLE "peliculas" /*application='MiApi'*/[0m
  [1m[36mActiveRecord::SchemaMigration Destroy (0.2ms)[0m  [1m[31mDELETE FROM "schema_migrations" WHERE "schema_migrations"."version" = '20250226201014' /*application='MiApi'*/[0m
  [1m[36mTRANSACTION (11.9ms)[0m  [1m[35mCOMMIT TRANSACTION /*application='MiApi'*/[0m
  [1m[36mActiveRecord::SchemaMigration Load (1.1ms)[0m  [1m[34mSELECT "schema_migrations"."version" FROM "schema_migrations" ORDER BY "schema_migrations"."version" ASC /*application='MiApi'*/[0m
  [1m[36mActiveRecord::InternalMetadata Load (4.6ms)[0m  [1m[34mSELECT * FROM "ar_internal_metadata" WHERE "ar_internal_metadata"."key" = 'environment' ORDER BY "ar_internal_metadata"."key" ASC LIMIT 1 /*application='MiApi'*/[0m
  [1m[36mActiveRecord::SchemaMigration Load (2.3ms)[0m  [1m[34mSELECT "schema_migrations"."version" FROM "schema_migrations" ORDER BY "schema_migrations"."version" ASC /*application='MiApi'*/[0m
Migrating to CreatePeliculas (20250226203135)
  [1m[36mTRANSACTION (1.9ms)[0m  [1m[35mBEGIN immediate TRANSACTION /*application='MiApi'*/[0m
  [1m[35m (5.6ms)[0m  [1m[35mCREATE TABLE "peliculas" ("id" integer PRIMARY KEY AUTOINCREMENT NOT NULL, "nombre" varchar, "year" integer, "created_at" datetime(6) NOT NULL, "updated_at" datetime(6) NOT NULL) /*application='MiApi'*/[0m
  [1m[36mActiveRecord::SchemaMigration Create (0.3ms)[0m  [1m[32mINSERT INTO "schema_migrations" ("version") VALUES ('20250226203135') RETURNING "version" /*application='MiApi'*/[0m
  [1m[36mTRANSACTION (18.9ms)[0m  [1m[35mCOMMIT TRANSACTION /*application='MiApi'*/[0m
  [1m[36mActiveRecord::SchemaMigration Load (1.5ms)[0m  [1m[34mSELECT "schema_migrations"."version" FROM "schema_migrations" ORDER BY "schema_migrations"."version" ASC /*application='MiApi'*/[0m
  [1m[36mTRANSACTION (1.3ms)[0m  [1m[35mBEGIN immediate TRANSACTION /*application='MiApi'*/[0m
  [1m[36mPelicula Create (8.8ms)[0m  [1m[32mINSERT INTO "peliculas" ("nombre", "year", "created_at", "updated_at") VALUES ('toy story', 2020, '2025-02-26 20:33:46.224920', '2025-02-26 20:33:46.224920') RETURNING "id" /*application='MiApi'*/[0m
  [1m[36mTRANSACTION (5.8ms)[0m  [1m[35mCOMMIT TRANSACTION /*application='MiApi'*/[0m
  [1m[36mTRANSACTION (6.5ms)[0m  [1m[35mBEGIN immediate TRANSACTION /*application='MiApi'*/[0m
  [1m[36mPelicula Destroy (8.4ms)[0m  [1m[31mDELETE FROM "peliculas" WHERE "peliculas"."id" = 1 /*application='MiApi'*/[0m
  [1m[36mTRANSACTION (2.8ms)[0m  [1m[35mCOMMIT TRANSACTION /*application='MiApi'*/[0m
  [1m[36mActiveRecord::SchemaMigration Load (2.3ms)[0m  [1m[34mSELECT "schema_migrations"."version" FROM "schema_migrations" ORDER BY "schema_migrations"."version" ASC /*application='MiApi'*/[0m
  [1m[36mActiveRecord::SchemaMigration Load (0.6ms)[0m  [1m[34mSELECT "schema_migrations"."version" FROM "schema_migrations" ORDER BY "schema_migrations"."version" ASC /*application='MiApi'*/[0m
  [1m[36mActiveRecord::SchemaMigration Load (0.5ms)[0m  [1m[34mSELECT "schema_migrations"."version" FROM "schema_migrations" ORDER BY "schema_migrations"."version" ASC /*application='MiApi'*/[0m
  [1m[36mActiveRecord::SchemaMigration Load (0.6ms)[0m  [1m[34mSELECT "schema_migrations"."version" FROM "schema_migrations" ORDER BY "schema_migrations"."version" ASC /*application='MiApi'*/[0m
Migrating to CreatePeliculas (20250226203135)
  [1m[36mTRANSACTION (0.8ms)[0m  [1m[35mBEGIN immediate TRANSACTION /*application='MiApi'*/[0m
  [1m[35m (3.7ms)[0m  [1m[35mDROP TABLE "peliculas" /*application='MiApi'*/[0m
  [1m[36mActiveRecord::SchemaMigration Destroy (0.1ms)[0m  [1m[31mDELETE FROM "schema_migrations" WHERE "schema_migrations"."version" = '20250226203135' /*application='MiApi'*/[0m
  [1m[36mTRANSACTION (11.1ms)[0m  [1m[35mCOMMIT TRANSACTION /*application='MiApi'*/[0m
  [1m[36mActiveRecord::SchemaMigration Load (0.5ms)[0m  [1m[34mSELECT "schema_migrations"."version" FROM "schema_migrations" ORDER BY "schema_migrations"."version" ASC /*application='MiApi'*/[0m
  [1m[36mActiveRecord::InternalMetadata Load (4.1ms)[0m  [1m[34mSELECT * FROM "ar_internal_metadata" WHERE "ar_internal_metadata"."key" = 'environment' ORDER BY "ar_internal_metadata"."key" ASC LIMIT 1 /*application='MiApi'*/[0m
  [1m[36mActiveRecord::SchemaMigration Load (1.0ms)[0m  [1m[34mSELECT "schema_migrations"."version" FROM "schema_migrations" ORDER BY "schema_migrations"."version" ASC /*application='MiApi'*/[0m
  [1m[36mActiveRecord::SchemaMigration Load (1.0ms)[0m  [1m[34mSELECT "schema_migrations"."version" FROM "schema_migrations" ORDER BY "schema_migrations"."version" ASC /*application='MiApi'*/[0m
